<?xml version="1.0" encoding="UTF-8"?>
<!-- Generated by org.testng.reporters.JUnitXMLReporter -->
<testsuite hostname="GYANESH-PC" ignored="0" name="FREE CRM Test" tests="1" failures="1" timestamp="03 Jun 2020 16:09:46 GMT" time="17.682" errors="0">
  <testcase name="feature" time="17.04" classname="MyRunner.TestRunner">
    <failure type="cucumber.runtime.CucumberException" message="java.lang.AssertionError: expected [CRMPRO - CRM software for customer relationship management, sales, and support.] but found [Free CRM in the cloud software boosts sales]">
      <![CDATA[cucumber.runtime.CucumberException: java.lang.AssertionError: expected [CRMPRO - CRM software for customer relationship management, sales, and support.] but found [Free CRM in the cloud software boosts sales]
at cucumber.api.testng.TestNGCucumberRunner.runCucumber(TestNGCucumberRunner.java:69)
at MyRunner.TestRunner.feature(TestRunner.java:27)
at java.util.concurrent.FutureTask.run(FutureTask.java:266)
at java.util.concurrent.ThreadPoolExecutor.runWorker(ThreadPoolExecutor.java:1142)
at java.util.concurrent.ThreadPoolExecutor$Worker.run(ThreadPoolExecutor.java:617)
at java.lang.Thread.run(Thread.java:745)
Caused by: java.lang.AssertionError: expected [CRMPRO - CRM software for customer relationship management, sales, and support.] but found [Free CRM in the cloud software boosts sales]
at stepDefinition.LoginStepDefinition.title_of_login_page_is_free_CRM(LoginStepDefinition.java:29)
at ✽.When title of login page is Free CRM(login.feature:6)
... Removed 22 stack frames]]>
    </failure>
  </testcase> <!-- feature -->
</testsuite> <!-- FREE CRM Test -->
